TN:
SF:/home/kolja/workspace/kRunning/app/app.ts
FN:3,(anonymous_1)
FN:10,(anonymous_2)
FN:22,(anonymous_3)
FN:23,MenuPage
FN:24,(anonymous_5)
FN:37,(anonymous_6)
FN:38,KRunning
FN:46,(anonymous_8)
FN:47,(anonymous_9)
FN:53,(anonymous_10)
FNF:10
FNH:8
FNDA:2,(anonymous_1)
FNDA:2,(anonymous_2)
FNDA:1,(anonymous_3)
FNDA:0,MenuPage
FNDA:5,(anonymous_5)
FNDA:1,(anonymous_6)
FNDA:5,KRunning
FNDA:5,(anonymous_8)
FNDA:5,(anonymous_9)
FNDA:0,(anonymous_10)
DA:0,2
DA:1,1
DA:2,1
DA:3,1
DA:5,1
DA:6,1
DA:7,1
DA:9,1
DA:10,1
DA:13,1
DA:18,1
DA:19,5
DA:20,4
DA:22,1
DA:28,1
DA:30,1
DA:33,1
DA:37,1
DA:42,1
DA:44,1
DA:45,5
DA:46,5
DA:47,5
DA:50,5
DA:51,5
DA:54,1
DA:55,5
DA:58,5
DA:62,1
DA:65,0
DA:71,1
LF:31
LH:30
BRDA:3,1,0,1
BRDA:3,1,1,1
BRDA:3,1,2,1
BRDA:5,2,0,1
BRDA:5,2,1,1
BRDA:5,3,0,0
BRDA:5,3,1,1
BRDA:7,4,0,2
BRDA:7,4,1,0
BRDA:7,5,0,2
BRDA:7,5,1,2
BRDA:7,6,0,0
BRDA:7,6,1,0
BRDA:7,7,0,0
BRDA:7,7,1,0
BRDA:7,8,0,0
BRDA:7,8,1,0
BRDA:7,9,0,0
BRDA:7,9,1,0
BRDA:8,10,0,2
BRDA:8,10,1,1
BRDA:8,10,2,0
BRDA:10,11,0,1
BRDA:10,11,1,1
BRDA:10,11,2,1
BRDA:11,12,0,2
BRDA:11,12,1,0
BRDA:11,13,0,2
BRDA:11,13,1,2
BRDA:19,14,0,1
BRDA:19,14,1,0
BRDA:25,15,0,4
BRDA:25,15,1,1
BRF:33
BRH:32
end_of_record
TN:
SF:/home/kolja/workspace/kRunning/app/pages/sessions/sessions.ts
FN:3,(anonymous_1)
FN:10,(anonymous_2)
FN:23,(anonymous_3)
FN:24,SessionsPage
FN:28,(anonymous_5)
FN:33,(anonymous_6)
FN:38,(anonymous_7)
FN:41,(anonymous_8)
FN:46,(anonymous_9)
FNF:9
FNH:3
FNDA:1,(anonymous_1)
FNDA:1,(anonymous_2)
FNDA:1,(anonymous_3)
FNDA:0,SessionsPage
FNDA:0,(anonymous_5)
FNDA:0,(anonymous_6)
FNDA:0,(anonymous_7)
FNDA:0,(anonymous_8)
FNDA:0,(anonymous_9)
DA:0,1
DA:1,1
DA:2,1
DA:4,1
DA:5,1
DA:13,1
DA:16,1
DA:20,1
DA:21,0
DA:22,0
DA:25,1
DA:26,0
DA:31,1
DA:32,0
DA:33,0
DA:34,0
DA:37,1
DA:38,0
DA:39,0
DA:40,0
DA:42,0
DA:45,1
DA:46,0
DA:47,0
DA:49,1
LF:25
LH:13
BRDA:3,1,0,1
BRDA:3,1,1,1
BRDA:3,1,2,1
BRDA:5,2,0,1
BRDA:5,2,1,0
BRDA:5,3,0,0
BRDA:5,3,1,0
BRDA:7,4,0,1
BRDA:7,4,1,0
BRDA:7,5,0,1
BRDA:7,5,1,1
BRDA:7,6,0,0
BRDA:7,6,1,0
BRDA:7,7,0,0
BRDA:7,7,1,0
BRDA:7,8,0,0
BRDA:7,8,1,0
BRDA:7,9,0,0
BRDA:7,9,1,0
BRDA:8,10,0,1
BRDA:8,10,1,0
BRDA:8,10,2,0
BRDA:10,11,0,1
BRDA:10,11,1,1
BRDA:10,11,2,1
BRDA:11,12,0,1
BRDA:11,12,1,0
BRDA:11,13,0,1
BRDA:11,13,1,1
BRDA:47,14,0,0
BRDA:47,14,1,0
BRF:31
BRH:29
end_of_record
TN:
SF:/home/kolja/workspace/kRunning/app/utils/Storage.ts
FN:5,(anonymous_1)
FN:6,LocalStorage
FN:7,(anonymous_3)
FN:11,(anonymous_4)
FNF:4
FNH:2
FNDA:1,(anonymous_1)
FNDA:0,LocalStorage
FNDA:0,(anonymous_3)
FNDA:2,(anonymous_4)
DA:1,1
DA:4,1
DA:5,1
DA:7,0
DA:10,1
DA:11,2
DA:12,2
DA:14,1
LF:8
LH:7
BRDA:13,1,0,2
BRDA:13,1,1,0
BRF:2
BRH:1
end_of_record
TN:
SF:/home/kolja/workspace/kRunning/app/utils/Date.ts
FN:3,(anonymous_1)
FN:4,DateUtils
FN:5,(anonymous_3)
FN:10,(anonymous_4)
FN:13,(anonymous_5)
FNF:5
FNH:1
FNDA:1,(anonymous_1)
FNDA:0,DateUtils
FNDA:0,(anonymous_3)
FNDA:0,(anonymous_4)
FNDA:0,(anonymous_5)
DA:1,1
DA:2,1
DA:3,1
DA:4,1
DA:5,0
DA:6,0
DA:7,0
DA:10,1
DA:11,0
DA:14,1
DA:15,0
DA:16,0
DA:17,0
DA:18,0
DA:20,0
DA:22,1
LF:16
LH:7
BRDA:14,1,0,0
BRDA:14,1,1,0
BRDA:16,2,0,0
BRDA:16,2,1,0
BRF:4
BRH:0
end_of_record
TN:
SF:/home/kolja/workspace/kRunning/app/pages/session/session.ts
FN:3,(anonymous_1)
FN:10,(anonymous_2)
FN:20,(anonymous_3)
FN:21,Session
FN:29,(anonymous_5)
FN:33,(anonymous_6)
FNF:6
FNH:3
FNDA:1,(anonymous_1)
FNDA:1,(anonymous_2)
FNDA:1,(anonymous_3)
FNDA:0,Session
FNDA:0,(anonymous_5)
FNDA:0,(anonymous_6)
DA:0,1
DA:1,1
DA:2,1
DA:3,1
DA:4,1
DA:5,1
DA:7,1
DA:8,1
DA:10,1
DA:16,1
DA:22,0
DA:24,1
DA:25,0
DA:26,0
DA:27,0
DA:28,0
DA:29,0
DA:32,1
DA:33,0
DA:34,0
DA:35,0
DA:38,1
DA:39,0
DA:41,1
LF:24
LH:14
BRDA:3,1,0,1
BRDA:3,1,1,1
BRDA:3,1,2,1
BRDA:5,2,0,1
BRDA:5,2,1,0
BRDA:5,3,0,0
BRDA:5,3,1,0
BRDA:7,4,0,1
BRDA:7,4,1,0
BRDA:7,5,0,1
BRDA:7,5,1,1
BRDA:7,6,0,0
BRDA:7,6,1,0
BRDA:7,7,0,0
BRDA:7,7,1,0
BRDA:7,8,0,0
BRDA:7,8,1,0
BRDA:7,9,0,0
BRDA:7,9,1,0
BRDA:8,10,0,1
BRDA:8,10,1,0
BRDA:8,10,2,0
BRDA:10,11,0,1
BRDA:10,11,1,1
BRDA:10,11,2,1
BRDA:11,12,0,1
BRDA:11,12,1,0
BRDA:11,13,0,1
BRDA:11,13,1,1
BRDA:30,14,0,0
BRDA:30,14,1,0
BRF:31
BRH:29
end_of_record
TN:
SF:/home/kolja/workspace/kRunning/app/services/ServicesHandler.ts
FN:3,(anonymous_1)
FN:10,(anonymous_2)
FN:17,(anonymous_3)
FN:18,ServicesHandler
FN:24,(anonymous_5)
FN:28,(anonymous_6)
FN:31,(anonymous_7)
FN:34,(anonymous_8)
FN:35,(anonymous_9)
FN:39,(anonymous_10)
FN:51,(anonymous_11)
FN:58,(anonymous_12)
FN:64,(anonymous_13)
FN:69,(anonymous_14)
FN:80,(anonymous_15)
FN:82,(anonymous_16)
FNF:16
FNH:3
FNDA:1,(anonymous_1)
FNDA:1,(anonymous_2)
FNDA:1,(anonymous_3)
FNDA:0,ServicesHandler
FNDA:0,(anonymous_5)
FNDA:0,(anonymous_6)
FNDA:0,(anonymous_7)
FNDA:0,(anonymous_8)
FNDA:0,(anonymous_9)
FNDA:0,(anonymous_10)
FNDA:0,(anonymous_11)
FNDA:0,(anonymous_12)
FNDA:0,(anonymous_13)
FNDA:0,(anonymous_14)
FNDA:0,(anonymous_15)
FNDA:0,(anonymous_16)
DA:0,1
DA:2,1
DA:4,1
DA:5,1
DA:6,1
DA:8,1
DA:9,1
DA:19,1
DA:20,0
DA:21,0
DA:22,0
DA:23,0
DA:24,0
DA:25,0
DA:26,0
DA:30,1
DA:31,0
DA:34,1
DA:35,0
DA:38,1
DA:39,0
DA:42,1
DA:43,0
DA:44,0
DA:45,0
DA:47,0
DA:52,0
DA:55,1
DA:56,0
DA:57,0
DA:58,0
DA:60,0
DA:63,1
DA:64,0
DA:65,0
DA:66,0
DA:67,0
DA:68,0
DA:69,0
DA:70,0
DA:71,0
DA:72,0
DA:73,0
DA:74,0
DA:75,0
DA:76,0
DA:77,0
DA:78,0
DA:82,0
DA:83,0
DA:88,1
DA:89,0
DA:90,0
DA:91,0
DA:92,0
DA:93,0
DA:95,0
DA:97,1
LF:58
LH:16
BRDA:3,1,0,1
BRDA:3,1,1,1
BRDA:3,1,2,1
BRDA:5,2,0,1
BRDA:5,2,1,0
BRDA:5,3,0,0
BRDA:5,3,1,0
BRDA:7,4,0,1
BRDA:7,4,1,0
BRDA:7,5,0,1
BRDA:7,5,1,1
BRDA:7,6,0,0
BRDA:7,6,1,0
BRDA:7,7,0,0
BRDA:7,7,1,0
BRDA:7,8,0,0
BRDA:7,8,1,0
BRDA:7,9,0,0
BRDA:7,9,1,0
BRDA:8,10,0,1
BRDA:8,10,1,0
BRDA:8,10,2,0
BRDA:10,11,0,1
BRDA:10,11,1,1
BRDA:10,11,2,1
BRDA:11,12,0,1
BRDA:11,12,1,0
BRDA:11,13,0,1
BRDA:11,13,1,1
BRDA:40,14,0,0
BRDA:40,14,1,0
BRDA:40,15,0,0
BRDA:40,15,1,0
BRDA:52,16,0,0
BRDA:52,16,1,0
BRDA:52,17,0,0
BRDA:52,17,1,0
BRDA:65,18,0,0
BRDA:65,18,1,0
BRDA:67,19,0,0
BRDA:67,19,1,0
BRDA:70,20,0,0
BRDA:70,20,1,0
BRDA:84,21,0,0
BRDA:84,21,1,0
BRF:45
BRH:29
end_of_record
TN:
SF:/home/kolja/workspace/kRunning/app/services/ServicesBuilder.ts
FN:11,(anonymous_1)
FN:12,ServicesBuilder
FN:14,(anonymous_3)
FN:32,(anonymous_4)
FN:34,(anonymous_5)
FN:39,(anonymous_6)
FN:44,(anonymous_7)
FN:45,(anonymous_8)
FN:46,(anonymous_9)
FN:51,(anonymous_10)
FN:52,(anonymous_11)
FNF:11
FNH:10
FNDA:1,(anonymous_1)
FNDA:0,ServicesBuilder
FNDA:2,(anonymous_3)
FNDA:1,(anonymous_4)
FNDA:5,(anonymous_5)
FNDA:1,(anonymous_6)
FNDA:5,(anonymous_7)
FNDA:7,(anonymous_8)
FNDA:10,(anonymous_9)
FNDA:5,(anonymous_10)
FNDA:30,(anonymous_11)
DA:0,1
DA:2,1
DA:4,1
DA:7,1
DA:8,1
DA:9,1
DA:10,1
DA:11,1
DA:13,1
DA:15,1
DA:18,2
DA:19,1
DA:20,1
DA:23,1
DA:25,1
DA:27,1
DA:29,1
DA:31,1
DA:33,1
DA:36,1
DA:37,1
DA:38,1
DA:39,5
DA:41,1
DA:44,1
DA:45,1
DA:46,1
DA:47,5
DA:48,10
DA:49,2
DA:52,1
DA:53,30
DA:54,5
DA:56,1
DA:58,1
LF:35
LH:35
BRDA:15,1,0,1
BRDA:15,1,1,1
BRDA:40,2,0,0
BRDA:40,2,1,1
BRDA:46,3,0,2
BRDA:46,3,1,5
BRDA:52,4,0,5
BRDA:52,4,1,0
BRF:8
BRH:6
end_of_record
TN:
SF:/home/kolja/workspace/kRunning/app/services/Service.ts
FN:3,(anonymous_1)
FN:4,ServiceInfo
FNF:2
FNH:2
FNDA:1,(anonymous_1)
FNDA:5,ServiceInfo
DA:15,1
DA:23,1
DA:24,5
DA:25,5
DA:26,5
DA:27,5
DA:29,1
LF:7
LH:7
BRF:0
BRH:0
end_of_record
TN:
SF:/home/kolja/workspace/kRunning/app/Configuration.ts
FN:5,(anonymous_1)
FN:10,(anonymous_2)
FN:11,RunProgramStep
FN:19,(anonymous_4)
FN:20,RunProgram
FN:29,(anonymous_6)
FN:30,ConfigurationType
FN:82,(anonymous_8)
FNF:8
FNH:8
FNDA:1,(anonymous_1)
FNDA:1,(anonymous_2)
FNDA:24,RunProgramStep
FNDA:1,(anonymous_4)
FNDA:10,RunProgram
FNDA:1,(anonymous_6)
FNDA:1,ConfigurationType
FNDA:1,(anonymous_8)
DA:1,1
DA:2,1
DA:3,1
DA:4,1
DA:5,1
DA:8,1
DA:13,1
DA:14,24
DA:15,24
DA:16,24
DA:18,1
DA:20,1
DA:26,1
DA:27,10
DA:28,10
DA:29,10
DA:30,10
DA:32,1
DA:34,1
DA:35,1
DA:36,1
DA:37,1
DA:38,1
DA:39,1
DA:40,1
DA:41,1
DA:42,1
DA:43,1
DA:44,1
DA:45,1
DA:46,1
DA:47,1
DA:48,1
DA:49,1
DA:50,1
DA:84,1
DA:86,1
DA:87,1
DA:90,1
DA:91,1
DA:94,1
DA:95,1
DA:98,1
DA:99,1
DA:102,1
DA:103,1
DA:106,1
DA:107,1
DA:110,1
DA:111,1
DA:114,1
DA:115,1
DA:118,1
DA:119,1
DA:122,1
DA:123,1
DA:126,1
DA:127,1
DA:129,1
DA:131,1
DA:133,1
LF:61
LH:61
BRDA:8,1,0,1
BRDA:8,1,1,1
BRDA:120,2,0,1
BRDA:120,2,1,1
BRF:4
BRH:4
end_of_record
TN:
SF:/home/kolja/workspace/kRunning/app/services/TimerService.ts
FN:3,(anonymous_1)
FN:10,(anonymous_2)
FN:18,(anonymous_3)
FN:19,TimeData
FN:27,(anonymous_5)
FN:28,TimerService
FN:39,(anonymous_7)
FN:44,(anonymous_8)
FN:51,(anonymous_9)
FN:54,(anonymous_10)
FN:64,(anonymous_11)
FN:68,(anonymous_12)
FN:71,(anonymous_13)
FN:74,(anonymous_14)
FN:81,(anonymous_15)
FNF:15
FNH:4
FNDA:1,(anonymous_1)
FNDA:1,(anonymous_2)
FNDA:1,(anonymous_3)
FNDA:0,TimeData
FNDA:1,(anonymous_5)
FNDA:0,TimerService
FNDA:0,(anonymous_7)
FNDA:0,(anonymous_8)
FNDA:0,(anonymous_9)
FNDA:0,(anonymous_10)
FNDA:0,(anonymous_11)
FNDA:0,(anonymous_12)
FNDA:0,(anonymous_13)
FNDA:0,(anonymous_14)
FNDA:0,(anonymous_15)
DA:0,1
DA:1,1
DA:3,1
DA:4,1
DA:5,1
DA:7,1
DA:9,1
DA:10,0
DA:11,0
DA:12,0
DA:13,1
DA:15,1
DA:16,1
DA:17,1
DA:20,0
DA:24,1
DA:25,0
DA:26,0
DA:27,0
DA:28,0
DA:30,0
DA:32,0
DA:35,1
DA:36,0
DA:37,0
DA:38,0
DA:41,1
DA:42,0
DA:43,0
DA:44,0
DA:45,0
DA:49,1
DA:50,0
DA:53,1
DA:54,0
DA:55,0
DA:56,0
DA:57,0
DA:59,0
DA:61,0
DA:64,1
DA:65,0
DA:66,0
DA:69,1
DA:70,0
DA:73,1
DA:74,0
DA:77,1
DA:78,0
DA:79,0
DA:80,0
DA:81,0
DA:82,0
DA:83,0
DA:86,1
DA:87,0
DA:88,0
DA:90,1
LF:58
LH:22
BRDA:3,1,0,1
BRDA:3,1,1,1
BRDA:3,1,2,1
BRDA:5,2,0,1
BRDA:5,2,1,0
BRDA:5,3,0,0
BRDA:5,3,1,0
BRDA:7,4,0,1
BRDA:7,4,1,0
BRDA:7,5,0,1
BRDA:7,5,1,1
BRDA:7,6,0,0
BRDA:7,6,1,0
BRDA:7,7,0,0
BRDA:7,7,1,0
BRDA:7,8,0,0
BRDA:7,8,1,0
BRDA:7,9,0,0
BRDA:7,9,1,0
BRDA:8,10,0,1
BRDA:8,10,1,0
BRDA:8,10,2,0
BRDA:10,11,0,1
BRDA:10,11,1,1
BRDA:10,11,2,1
BRDA:11,12,0,1
BRDA:11,12,1,0
BRDA:11,13,0,1
BRDA:11,13,1,1
BRDA:32,14,0,0
BRDA:32,14,1,0
BRDA:45,15,0,0
BRDA:45,15,1,0
BRDA:56,16,0,0
BRDA:56,16,1,0
BRDA:75,17,0,0
BRDA:75,17,1,0
BRF:37
BRH:29
end_of_record
TN:
SF:/home/kolja/workspace/kRunning/app/utils/EventsManager.ts
FN:3,(anonymous_1)
FN:4,FunctionStore
FN:10,(anonymous_3)
FN:11,EventsManager
FN:12,(anonymous_5)
FN:24,(anonymous_6)
FN:25,(anonymous_7)
FN:30,(anonymous_8)
FN:49,(anonymous_9)
FN:56,(anonymous_10)
FNF:10
FNH:2
FNDA:1,(anonymous_1)
FNDA:0,FunctionStore
FNDA:1,(anonymous_3)
FNDA:0,EventsManager
FNDA:0,(anonymous_5)
FNDA:0,(anonymous_6)
FNDA:0,(anonymous_7)
FNDA:0,(anonymous_8)
FNDA:0,(anonymous_9)
FNDA:0,(anonymous_10)
DA:0,1
DA:1,1
DA:4,1
DA:5,0
DA:6,0
DA:8,1
DA:10,1
DA:11,1
DA:13,1
DA:14,0
DA:15,0
DA:16,0
DA:17,0
DA:19,0
DA:20,0
DA:21,0
DA:23,0
DA:26,1
DA:27,0
DA:28,0
DA:31,1
DA:32,0
DA:33,0
DA:34,0
DA:36,0
DA:37,0
DA:38,0
DA:41,0
DA:43,0
DA:45,0
DA:48,0
DA:51,0
DA:52,0
DA:54,0
DA:57,1
DA:58,0
DA:59,0
DA:60,0
DA:62,0
DA:63,0
DA:65,0
DA:67,1
LF:42
LH:11
BRDA:14,1,0,0
BRDA:14,1,1,0
BRDA:18,2,0,0
BRDA:18,2,1,0
BRDA:32,3,0,0
BRDA:32,3,1,0
BRDA:33,4,0,0
BRDA:33,4,1,0
BRDA:38,5,0,0
BRDA:38,5,1,0
BRDA:44,6,0,0
BRDA:44,6,1,0
BRDA:55,7,0,0
BRDA:55,7,1,0
BRF:14
BRH:0
end_of_record
TN:
SF:/home/kolja/workspace/kRunning/app/services/GeoLocationService.ts
FN:3,(anonymous_1)
FN:10,(anonymous_2)
FN:18,(anonymous_3)
FN:19,GeoLocationService
FN:36,(anonymous_5)
FN:42,(anonymous_6)
FN:46,(anonymous_7)
FN:49,(anonymous_8)
FN:50,(anonymous_9)
FN:55,(anonymous_10)
FN:58,(anonymous_11)
FNF:11
FNH:3
FNDA:1,(anonymous_1)
FNDA:1,(anonymous_2)
FNDA:1,(anonymous_3)
FNDA:0,GeoLocationService
FNDA:0,(anonymous_5)
FNDA:0,(anonymous_6)
FNDA:0,(anonymous_7)
FNDA:0,(anonymous_8)
FNDA:0,(anonymous_9)
FNDA:0,(anonymous_10)
FNDA:0,(anonymous_11)
DA:0,1
DA:2,1
DA:4,1
DA:6,1
DA:7,1
DA:8,1
DA:10,1
DA:11,1
DA:12,1
DA:13,0
DA:20,0
DA:23,1
DA:24,0
DA:25,0
DA:26,0
DA:27,0
DA:28,0
DA:30,0
DA:33,0
DA:36,1
DA:37,0
DA:38,0
DA:40,0
DA:41,0
DA:48,1
DA:49,0
DA:50,0
DA:51,0
DA:54,1
DA:55,0
DA:58,1
DA:61,1
DA:62,0
DA:63,0
DA:67,1
DA:68,0
DA:71,1
DA:72,0
DA:74,1
LF:39
LH:18
BRDA:3,1,0,1
BRDA:3,1,1,1
BRDA:3,1,2,1
BRDA:5,2,0,1
BRDA:5,2,1,0
BRDA:5,3,0,0
BRDA:5,3,1,0
BRDA:7,4,0,1
BRDA:7,4,1,0
BRDA:7,5,0,1
BRDA:7,5,1,1
BRDA:7,6,0,0
BRDA:7,6,1,0
BRDA:7,7,0,0
BRDA:7,7,1,0
BRDA:7,8,0,0
BRDA:7,8,1,0
BRDA:7,9,0,0
BRDA:7,9,1,0
BRDA:8,10,0,1
BRDA:8,10,1,0
BRDA:8,10,2,0
BRDA:10,11,0,1
BRDA:10,11,1,1
BRDA:10,11,2,1
BRDA:11,12,0,1
BRDA:11,12,1,0
BRDA:11,13,0,1
BRDA:11,13,1,1
BRDA:28,14,0,0
BRDA:28,14,1,0
BRDA:28,15,0,0
BRDA:28,15,1,0
BRDA:37,16,0,0
BRDA:37,16,1,0
BRDA:38,17,0,0
BRDA:38,17,1,0
BRDA:43,18,0,0
BRDA:43,18,1,0
BRDA:51,19,0,0
BRDA:51,19,1,0
BRF:41
BRH:29
end_of_record
TN:
SF:/home/kolja/workspace/kRunning/app/utils/Logging.ts
FN:5,(anonymous_1)
FN:6,DataLog
FN:12,(anonymous_3)
FN:19,(anonymous_4)
FN:20,Logging
FN:21,(anonymous_6)
FNF:6
FNH:2
FNDA:1,(anonymous_1)
FNDA:0,DataLog
FNDA:0,(anonymous_3)
FNDA:1,(anonymous_4)
FNDA:0,Logging
FNDA:0,(anonymous_6)
DA:1,1
DA:2,1
DA:4,1
DA:10,1
DA:11,0
DA:12,0
DA:13,0
DA:14,0
DA:17,1
DA:18,0
DA:19,0
DA:20,0
DA:22,1
DA:24,1
DA:25,1
DA:27,1
DA:28,0
DA:29,0
DA:30,0
DA:31,0
DA:32,0
DA:34,0
DA:35,0
DA:36,0
DA:38,1
LF:25
LH:10
BRDA:9,1,0,0
BRDA:9,1,1,0
BRDA:10,2,0,0
BRDA:10,2,1,0
BRDA:15,3,0,0
BRDA:15,3,1,0
BRDA:15,4,0,0
BRDA:15,4,1,0
BRDA:22,5,0,0
BRDA:22,5,1,0
BRDA:24,6,0,0
BRDA:24,6,1,0
BRDA:28,7,0,1
BRDA:28,7,1,1
BRF:14
BRH:2
end_of_record
TN:
SF:/home/kolja/workspace/kRunning/app/utils/String.ts
FN:3,(anonymous_1)
FN:4,StringUtils
FN:5,(anonymous_3)
FN:10,(anonymous_4)
FNF:4
FNH:1
FNDA:1,(anonymous_1)
FNDA:0,StringUtils
FNDA:0,(anonymous_3)
FNDA:0,(anonymous_4)
DA:0,1
DA:1,1
DA:2,1
DA:3,0
DA:4,0
DA:9,1
LF:6
LH:4
BRDA:11,1,0,0
BRDA:11,1,1,0
BRF:2
BRH:0
end_of_record
TN:
SF:/home/kolja/workspace/kRunning/app/services/WeatherService.ts
FN:3,(anonymous_1)
FN:10,(anonymous_2)
FN:19,(anonymous_3)
FN:20,WeatherService
FN:28,(anonymous_5)
FN:35,(anonymous_6)
FN:42,(anonymous_7)
FN:45,(anonymous_8)
FN:56,(anonymous_9)
FN:60,(anonymous_10)
FN:73,(anonymous_11)
FN:76,(anonymous_12)
FN:79,(anonymous_13)
FNF:13
FNH:3
FNDA:1,(anonymous_1)
FNDA:1,(anonymous_2)
FNDA:1,(anonymous_3)
FNDA:0,WeatherService
FNDA:0,(anonymous_5)
FNDA:0,(anonymous_6)
FNDA:0,(anonymous_7)
FNDA:0,(anonymous_8)
FNDA:0,(anonymous_9)
FNDA:0,(anonymous_10)
FNDA:0,(anonymous_11)
FNDA:0,(anonymous_12)
FNDA:0,(anonymous_13)
DA:0,1
DA:1,1
DA:3,1
DA:4,1
DA:5,1
DA:6,1
DA:7,1
DA:9,1
DA:10,1
DA:11,1
DA:14,1
DA:15,1
DA:16,1
DA:17,1
DA:18,1
DA:19,1
DA:39,0
DA:40,0
DA:41,0
DA:44,1
DA:45,0
DA:46,0
DA:47,0
DA:48,0
DA:49,0
DA:52,1
DA:53,0
DA:54,0
DA:55,0
DA:56,0
DA:58,0
DA:61,1
DA:62,0
DA:65,1
DA:66,0
DA:67,0
DA:68,0
DA:69,0
DA:70,0
DA:71,0
DA:72,0
DA:73,0
DA:74,0
DA:77,1
DA:78,0
DA:79,0
DA:80,0
DA:81,0
DA:83,0
DA:84,0
DA:85,0
DA:87,0
DA:91,0
DA:92,0
DA:96,1
DA:97,0
DA:100,1
DA:101,0
DA:104,1
DA:105,0
DA:107,1
LF:61
LH:25
BRDA:3,1,0,1
BRDA:3,1,1,1
BRDA:3,1,2,1
BRDA:5,2,0,1
BRDA:5,2,1,0
BRDA:5,3,0,0
BRDA:5,3,1,0
BRDA:7,4,0,1
BRDA:7,4,1,0
BRDA:7,5,0,1
BRDA:7,5,1,1
BRDA:7,6,0,0
BRDA:7,6,1,0
BRDA:7,7,0,0
BRDA:7,7,1,0
BRDA:7,8,0,0
BRDA:7,8,1,0
BRDA:7,9,0,0
BRDA:7,9,1,0
BRDA:8,10,0,1
BRDA:8,10,1,0
BRDA:8,10,2,0
BRDA:10,11,0,1
BRDA:10,11,1,1
BRDA:10,11,2,1
BRDA:11,12,0,1
BRDA:11,12,1,0
BRDA:11,13,0,1
BRDA:11,13,1,1
BRDA:29,14,0,0
BRDA:29,14,1,0
BRDA:29,15,0,0
BRDA:29,15,1,0
BRDA:37,16,0,0
BRDA:37,16,1,0
BRDA:58,17,0,0
BRDA:58,17,1,0
BRDA:58,18,0,0
BRDA:58,18,1,0
BRDA:61,19,0,0
BRDA:61,19,1,0
BRF:41
BRH:29
end_of_record
TN:
SF:/home/kolja/workspace/kRunning/app/services/SpeechService.ts
FN:3,(anonymous_1)
FN:10,(anonymous_2)
FN:19,(anonymous_3)
FN:23,(anonymous_4)
FN:24,SpeechService
FN:33,(anonymous_6)
FN:49,(anonymous_7)
FN:52,(anonymous_8)
FN:59,(anonymous_9)
FN:63,(anonymous_10)
FN:80,(anonymous_11)
FN:101,(anonymous_12)
FN:115,(anonymous_13)
FN:140,(anonymous_14)
FN:141,(anonymous_15)
FN:145,(anonymous_16)
FN:148,(anonymous_17)
FNF:17
FNH:4
FNDA:1,(anonymous_1)
FNDA:1,(anonymous_2)
FNDA:1,(anonymous_3)
FNDA:1,(anonymous_4)
FNDA:0,SpeechService
FNDA:0,(anonymous_6)
FNDA:0,(anonymous_7)
FNDA:0,(anonymous_8)
FNDA:0,(anonymous_9)
FNDA:0,(anonymous_10)
FNDA:0,(anonymous_11)
FNDA:0,(anonymous_12)
FNDA:0,(anonymous_13)
FNDA:0,(anonymous_14)
FNDA:0,(anonymous_15)
FNDA:0,(anonymous_16)
FNDA:0,(anonymous_17)
DA:0,1
DA:2,1
DA:4,1
DA:5,1
DA:6,1
DA:7,1
DA:12,1
DA:13,1
DA:14,1
DA:17,1
DA:18,1
DA:19,1
DA:21,0
DA:22,0
DA:23,0
DA:24,0
DA:26,0
DA:27,0
DA:28,1
DA:29,0
DA:32,1
DA:33,0
DA:34,0
DA:36,0
DA:38,0
DA:39,0
DA:40,0
DA:42,0
DA:43,0
DA:44,0
DA:47,0
DA:48,0
DA:51,1
DA:52,0
DA:53,0
DA:56,1
DA:57,0
DA:58,0
DA:59,0
DA:60,0
DA:61,0
DA:62,0
DA:65,1
DA:66,0
DA:67,0
DA:68,0
DA:72,1
DA:73,0
DA:74,0
DA:75,0
DA:77,0
DA:79,0
DA:80,0
DA:82,0
DA:83,0
DA:84,0
DA:85,0
DA:87,0
DA:90,0
DA:92,0
DA:95,1
DA:96,0
DA:97,0
DA:100,0
DA:101,0
DA:102,0
DA:103,0
DA:104,0
DA:105,0
DA:107,0
DA:109,0
DA:110,0
DA:111,0
DA:112,0
DA:113,0
DA:114,0
DA:116,0
DA:120,1
DA:121,0
DA:122,0
DA:123,0
DA:124,0
DA:125,0
DA:126,0
DA:127,0
DA:129,0
DA:131,0
DA:132,0
DA:135,1
DA:136,0
DA:137,0
DA:138,0
DA:139,0
DA:141,0
DA:142,0
DA:145,0
DA:146,0
DA:148,0
DA:149,0
DA:151,0
DA:152,0
DA:153,0
DA:155,0
DA:157,0
DA:158,0
DA:160,0
DA:162,0
DA:165,1
DA:168,1
DA:169,0
DA:170,0
DA:173,1
DA:174,0
DA:177,1
DA:178,0
DA:180,1
LF:116
LH:26
BRDA:3,1,0,1
BRDA:3,1,1,1
BRDA:3,1,2,1
BRDA:5,2,0,1
BRDA:5,2,1,0
BRDA:5,3,0,0
BRDA:5,3,1,0
BRDA:7,4,0,1
BRDA:7,4,1,0
BRDA:7,5,0,1
BRDA:7,5,1,1
BRDA:7,6,0,0
BRDA:7,6,1,0
BRDA:7,7,0,0
BRDA:7,7,1,0
BRDA:7,8,0,0
BRDA:7,8,1,0
BRDA:7,9,0,0
BRDA:7,9,1,0
BRDA:8,10,0,1
BRDA:8,10,1,0
BRDA:8,10,2,0
BRDA:10,11,0,1
BRDA:10,11,1,1
BRDA:10,11,2,1
BRDA:11,12,0,1
BRDA:11,12,1,0
BRDA:11,13,0,1
BRDA:11,13,1,1
BRDA:22,14,0,1
BRDA:22,14,1,1
BRDA:37,15,0,0
BRDA:37,15,1,0
BRDA:38,16,0,0
BRDA:38,16,1,0
BRDA:50,17,0,0
BRDA:50,17,1,0
BRDA:53,18,0,0
BRDA:53,18,1,0
BRDA:60,19,0,0
BRDA:60,19,1,0
BRDA:64,20,0,0
BRDA:64,20,1,0
BRDA:67,21,0,0
BRDA:67,21,1,0
BRDA:68,22,0,0
BRDA:68,22,1,0
BRDA:68,23,0,0
BRDA:68,23,1,0
BRDA:70,24,0,0
BRDA:70,24,1,0
BRDA:81,25,0,0
BRDA:81,25,1,0
BRDA:81,26,0,0
BRDA:81,26,1,0
BRDA:82,27,0,0
BRDA:82,27,1,0
BRDA:84,28,0,0
BRDA:84,28,1,0
BRDA:86,29,0,0
BRDA:86,29,1,0
BRDA:92,30,0,0
BRDA:92,30,1,0
BRDA:94,31,0,0
BRDA:94,31,1,0
BRDA:103,32,0,0
BRDA:103,32,1,0
BRDA:105,33,0,0
BRDA:105,33,1,0
BRDA:116,34,0,0
BRDA:116,34,1,0
BRDA:119,35,0,0
BRDA:119,35,1,0
BRDA:120,36,0,0
BRDA:120,36,1,0
BRDA:125,37,0,0
BRDA:125,37,1,0
BRDA:133,38,0,0
BRDA:133,38,1,0
BRDA:134,39,0,0
BRDA:134,39,1,0
BRDA:136,40,0,0
BRDA:136,40,1,0
BRF:83
BRH:31
end_of_record
TN:
SF:/home/kolja/workspace/kRunning/app/services/SessionDataService.ts
FN:3,(anonymous_1)
FN:10,(anonymous_2)
FN:20,(anonymous_3)
FN:21,KCoordinates
FN:30,(anonymous_5)
FN:36,(anonymous_6)
FN:37,KPosition
FN:47,(anonymous_8)
FN:48,SessionData
FN:62,(anonymous_10)
FN:71,(anonymous_11)
FN:72,SessionDataService
FN:77,(anonymous_13)
FN:87,(anonymous_14)
FN:94,(anonymous_15)
FN:100,(anonymous_16)
FN:105,(anonymous_17)
FN:109,(anonymous_18)
FN:112,(anonymous_19)
FN:130,(anonymous_20)
FN:136,(anonymous_21)
FN:161,(anonymous_22)
FN:166,(anonymous_23)
FN:169,(anonymous_24)
FNF:24
FNH:6
FNDA:1,(anonymous_1)
FNDA:1,(anonymous_2)
FNDA:1,(anonymous_3)
FNDA:0,KCoordinates
FNDA:0,(anonymous_5)
FNDA:1,(anonymous_6)
FNDA:0,KPosition
FNDA:1,(anonymous_8)
FNDA:0,SessionData
FNDA:0,(anonymous_10)
FNDA:1,(anonymous_11)
FNDA:0,SessionDataService
FNDA:0,(anonymous_13)
FNDA:0,(anonymous_14)
FNDA:0,(anonymous_15)
FNDA:0,(anonymous_16)
FNDA:0,(anonymous_17)
FNDA:0,(anonymous_18)
FNDA:0,(anonymous_19)
FNDA:0,(anonymous_20)
FNDA:0,(anonymous_21)
FNDA:0,(anonymous_22)
FNDA:0,(anonymous_23)
FNDA:0,(anonymous_24)
DA:0,1
DA:2,1
DA:4,1
DA:5,1
DA:6,1
DA:7,1
DA:8,1
DA:10,1
DA:12,1
DA:21,1
DA:22,0
DA:23,0
DA:24,0
DA:25,0
DA:26,0
DA:27,0
DA:28,0
DA:31,1
DA:32,0
DA:35,1
DA:37,1
DA:44,1
DA:45,0
DA:46,0
DA:47,0
DA:48,0
DA:49,0
DA:51,1
DA:53,1
DA:57,0
DA:58,0
DA:59,0
DA:60,0
DA:61,0
DA:62,0
DA:63,0
DA:64,0
DA:66,0
DA:67,0
DA:70,0
DA:72,1
DA:74,1
DA:75,1
DA:76,1
DA:78,0
DA:86,1
DA:87,0
DA:88,0
DA:91,1
DA:92,0
DA:93,0
DA:94,0
DA:95,0
DA:97,0
DA:98,0
DA:99,0
DA:101,0
DA:104,1
DA:105,0
DA:106,0
DA:107,0
DA:108,0
DA:109,0
DA:112,1
DA:113,0
DA:114,0
DA:115,0
DA:116,0
DA:117,0
DA:120,1
DA:121,0
DA:122,0
DA:123,0
DA:124,0
DA:127,1
DA:128,0
DA:129,0
DA:132,1
DA:133,0
DA:136,1
DA:137,0
DA:139,0
DA:141,0
DA:142,0
DA:146,0
DA:148,0
DA:149,0
DA:152,0
DA:154,0
DA:155,0
DA:156,0
DA:158,0
DA:159,0
DA:162,1
DA:163,0
DA:164,0
DA:165,0
DA:169,1
DA:170,0
DA:171,0
DA:172,0
DA:173,0
DA:174,0
DA:176,0
DA:178,0
DA:179,0
DA:180,0
DA:181,0
DA:182,0
DA:183,0
DA:184,0
DA:185,0
DA:186,0
DA:187,0
DA:192,0
DA:193,0
DA:194,0
DA:195,0
DA:196,0
DA:197,0
DA:201,1
DA:202,0
DA:203,0
DA:204,0
DA:207,1
DA:208,0
DA:211,1
DA:212,0
DA:214,1
LF:129
LH:34
BRDA:3,1,0,1
BRDA:3,1,1,1
BRDA:3,1,2,1
BRDA:5,2,0,1
BRDA:5,2,1,0
BRDA:5,3,0,0
BRDA:5,3,1,0
BRDA:7,4,0,1
BRDA:7,4,1,0
BRDA:7,5,0,1
BRDA:7,5,1,1
BRDA:7,6,0,0
BRDA:7,6,1,0
BRDA:7,7,0,0
BRDA:7,7,1,0
BRDA:7,8,0,0
BRDA:7,8,1,0
BRDA:7,9,0,0
BRDA:7,9,1,0
BRDA:8,10,0,1
BRDA:8,10,1,0
BRDA:8,10,2,0
BRDA:10,11,0,1
BRDA:10,11,1,1
BRDA:10,11,2,1
BRDA:11,12,0,1
BRDA:11,12,1,0
BRDA:11,13,0,1
BRDA:11,13,1,1
BRDA:63,14,0,0
BRDA:63,14,1,0
BRDA:95,15,0,0
BRDA:95,15,1,0
BRDA:96,16,0,0
BRDA:96,16,1,0
BRDA:103,17,0,0
BRDA:103,17,1,0
BRDA:113,18,0,0
BRDA:113,18,1,0
BRDA:113,19,0,0
BRDA:113,19,1,0
BRDA:113,19,2,0
BRDA:114,20,0,0
BRDA:114,20,1,0
BRDA:119,21,0,0
BRDA:119,21,1,0
BRDA:123,22,0,0
BRDA:123,22,1,0
BRDA:123,23,0,0
BRDA:123,23,1,0
BRDA:131,24,0,0
BRDA:131,24,1,0
BRDA:142,25,0,0
BRDA:142,25,1,0
BRDA:142,26,0,0
BRDA:142,26,1,0
BRDA:149,27,0,0
BRDA:149,27,1,0
BRDA:149,28,0,0
BRDA:149,28,1,0
BRDA:155,29,0,0
BRDA:155,29,1,0
BRDA:156,30,0,0
BRDA:156,30,1,0
BRDA:157,31,0,0
BRDA:157,31,1,0
BRF:66
BRH:29
end_of_record
TN:
SF:/home/kolja/workspace/kRunning/app/utils/Converter.ts
FN:5,(anonymous_1)
FN:6,BmiClass
FN:14,(anonymous_3)
FN:15,Converter
FN:16,(anonymous_5)
FN:22,(anonymous_6)
FN:25,(anonymous_7)
FN:28,(anonymous_8)
FN:32,(anonymous_9)
FN:34,(anonymous_10)
FN:38,(anonymous_11)
FN:42,(anonymous_12)
FNF:12
FNH:3
FNDA:1,(anonymous_1)
FNDA:6,BmiClass
FNDA:1,(anonymous_3)
FNDA:0,Converter
FNDA:0,(anonymous_5)
FNDA:0,(anonymous_6)
FNDA:0,(anonymous_7)
FNDA:0,(anonymous_8)
FNDA:0,(anonymous_9)
FNDA:0,(anonymous_10)
FNDA:0,(anonymous_11)
FNDA:0,(anonymous_12)
DA:1,1
DA:2,1
DA:4,1
DA:9,1
DA:10,6
DA:11,6
DA:12,6
DA:14,1
DA:16,1
DA:17,1
DA:25,1
DA:26,0
DA:27,0
DA:28,0
DA:29,0
DA:30,0
DA:33,1
DA:34,0
DA:37,1
DA:38,0
DA:41,1
DA:42,0
DA:43,0
DA:44,0
DA:47,1
DA:48,0
DA:49,0
DA:50,0
DA:51,0
DA:55,1
DA:56,0
DA:57,0
DA:58,0
DA:61,1
DA:62,0
DA:63,0
DA:64,0
DA:66,0
DA:68,0
DA:70,0
DA:72,0
DA:73,0
DA:75,0
DA:77,1
LF:44
LH:18
BRDA:17,1,0,0
BRDA:17,1,1,0
BRDA:17,2,0,0
BRDA:17,2,1,0
BRDA:29,3,0,0
BRDA:29,3,1,0
BRDA:29,4,0,0
BRDA:29,4,1,0
BRDA:33,5,0,0
BRDA:33,5,1,0
BRDA:35,6,0,0
BRDA:35,6,1,0
BRDA:39,7,0,0
BRDA:39,7,1,0
BRDA:44,8,0,0
BRDA:44,8,1,0
BRDA:44,9,0,0
BRDA:44,9,1,0
BRDA:45,10,0,0
BRDA:45,10,1,0
BRDA:45,11,0,0
BRDA:45,11,1,0
BRDA:45,11,2,0
BRDA:45,11,3,0
BRDA:45,11,4,0
BRDA:45,11,5,0
BRDA:46,12,0,0
BRDA:46,12,1,0
BRDA:46,13,0,0
BRDA:46,13,1,0
BRF:30
BRH:0
end_of_record
TN:
SF:/home/kolja/workspace/kRunning/app/components/map-viewer/map-viewer.ts
FN:3,(anonymous_1)
FN:10,(anonymous_2)
FN:18,(anonymous_3)
FN:19,MapViewer
FN:27,(anonymous_5)
FN:38,(anonymous_6)
FN:42,(anonymous_7)
FN:63,(anonymous_8)
FN:70,(anonymous_9)
FN:77,(anonymous_10)
FN:80,(anonymous_11)
FN:85,(anonymous_12)
FNF:12
FNH:3
FNDA:3,(anonymous_1)
FNDA:3,(anonymous_2)
FNDA:1,(anonymous_3)
FNDA:0,MapViewer
FNDA:0,(anonymous_5)
FNDA:0,(anonymous_6)
FNDA:0,(anonymous_7)
FNDA:0,(anonymous_8)
FNDA:0,(anonymous_9)
FNDA:0,(anonymous_10)
FNDA:0,(anonymous_11)
FNDA:0,(anonymous_12)
DA:0,3
DA:1,1
DA:2,1
DA:3,1
DA:5,1
DA:6,1
DA:8,1
DA:15,1
DA:16,1
DA:17,1
DA:24,1
DA:26,1
DA:27,0
DA:28,0
DA:29,0
DA:30,0
DA:33,1
DA:34,0
DA:38,0
DA:44,0
DA:45,0
DA:48,0
DA:52,1
DA:53,0
DA:54,0
DA:55,0
DA:56,0
DA:57,0
DA:58,0
DA:64,0
DA:65,0
DA:66,0
DA:67,0
DA:68,0
DA:69,0
DA:70,0
DA:71,0
DA:73,0
DA:74,0
DA:76,0
DA:77,0
DA:81,1
DA:82,0
DA:83,0
DA:84,0
DA:85,0
DA:89,1
DA:90,0
DA:91,0
DA:92,0
DA:93,0
DA:94,0
DA:96,0
DA:99,1
DA:100,0
DA:102,0
DA:103,0
DA:105,1
LF:58
LH:18
BRDA:3,1,0,1
BRDA:3,1,1,1
BRDA:3,1,2,1
BRDA:5,2,0,1
BRDA:5,2,1,2
BRDA:5,3,0,0
BRDA:5,3,1,2
BRDA:7,4,0,3
BRDA:7,4,1,0
BRDA:7,5,0,3
BRDA:7,5,1,3
BRDA:7,6,0,0
BRDA:7,6,1,0
BRDA:7,7,0,0
BRDA:7,7,1,0
BRDA:7,8,0,0
BRDA:7,8,1,0
BRDA:7,9,0,0
BRDA:7,9,1,0
BRDA:8,10,0,3
BRDA:8,10,1,2
BRDA:8,10,2,0
BRDA:10,11,0,1
BRDA:10,11,1,1
BRDA:10,11,2,1
BRDA:11,12,0,3
BRDA:11,12,1,0
BRDA:11,13,0,3
BRDA:11,13,1,3
BRDA:38,14,0,0
BRDA:38,14,1,0
BRDA:44,15,0,0
BRDA:44,15,1,0
BRDA:46,16,0,0
BRDA:46,16,1,0
BRDA:73,17,0,0
BRDA:73,17,1,0
BRDA:79,18,0,0
BRDA:79,18,1,0
BRDA:88,19,0,0
BRDA:88,19,1,0
BRF:41
BRH:29
end_of_record
TN:
SF:/home/kolja/workspace/kRunning/app/components/weather-viewer/weather-viewer.ts
FN:3,(anonymous_1)
FN:10,(anonymous_2)
FN:20,(anonymous_3)
FN:21,WeatherView
FNF:4
FNH:3
FNDA:2,(anonymous_1)
FNDA:2,(anonymous_2)
FNDA:1,(anonymous_3)
FNDA:0,WeatherView
DA:0,2
DA:1,1
DA:9,1
DA:14,1
DA:15,1
DA:16,1
DA:18,1
LF:7
LH:7
BRDA:3,1,0,1
BRDA:3,1,1,1
BRDA:3,1,2,1
BRDA:5,2,0,1
BRDA:5,2,1,1
BRDA:5,3,0,0
BRDA:5,3,1,1
BRDA:7,4,0,2
BRDA:7,4,1,0
BRDA:7,5,0,2
BRDA:7,5,1,2
BRDA:7,6,0,0
BRDA:7,6,1,0
BRDA:7,7,0,0
BRDA:7,7,1,0
BRDA:7,8,0,0
BRDA:7,8,1,0
BRDA:7,9,0,0
BRDA:7,9,1,0
BRDA:8,10,0,2
BRDA:8,10,1,1
BRDA:8,10,2,0
BRDA:10,11,0,1
BRDA:10,11,1,1
BRDA:10,11,2,1
BRDA:11,12,0,2
BRDA:11,12,1,0
BRDA:11,13,0,2
BRDA:11,13,1,2
BRF:29
BRH:29
end_of_record
TN:
SF:/home/kolja/workspace/kRunning/app/pages/session-details/session-details.ts
FN:3,(anonymous_1)
FN:10,(anonymous_2)
FN:22,(anonymous_3)
FN:23,SessionDetailsPage
FNF:4
FNH:3
FNDA:1,(anonymous_1)
FNDA:1,(anonymous_2)
FNDA:1,(anonymous_3)
FNDA:0,SessionDetailsPage
DA:0,1
DA:1,1
DA:3,1
DA:4,1
DA:11,1
DA:16,1
DA:19,1
DA:20,0
DA:22,1
LF:9
LH:8
BRDA:3,1,0,1
BRDA:3,1,1,1
BRDA:3,1,2,1
BRDA:5,2,0,1
BRDA:5,2,1,0
BRDA:5,3,0,0
BRDA:5,3,1,0
BRDA:7,4,0,1
BRDA:7,4,1,0
BRDA:7,5,0,1
BRDA:7,5,1,1
BRDA:7,6,0,0
BRDA:7,6,1,0
BRDA:7,7,0,0
BRDA:7,7,1,0
BRDA:7,8,0,0
BRDA:7,8,1,0
BRDA:7,9,0,0
BRDA:7,9,1,0
BRDA:8,10,0,1
BRDA:8,10,1,0
BRDA:8,10,2,0
BRDA:10,11,0,1
BRDA:10,11,1,1
BRDA:10,11,2,1
BRDA:11,12,0,1
BRDA:11,12,1,0
BRDA:11,13,0,1
BRDA:11,13,1,1
BRF:29
BRH:29
end_of_record
TN:
SF:/home/kolja/workspace/kRunning/app/pages/settings/settings.ts
FN:3,(anonymous_1)
FN:10,(anonymous_2)
FN:24,(anonymous_3)
FN:25,SettingsPage
FN:30,(anonymous_5)
FN:33,(anonymous_6)
FN:34,(anonymous_7)
FN:41,(anonymous_8)
FN:48,(anonymous_9)
FN:51,(anonymous_10)
FNF:10
FNH:3
FNDA:2,(anonymous_1)
FNDA:2,(anonymous_2)
FNDA:1,(anonymous_3)
FNDA:0,SettingsPage
FNDA:0,(anonymous_5)
FNDA:0,(anonymous_6)
FNDA:0,(anonymous_7)
FNDA:0,(anonymous_8)
FNDA:0,(anonymous_9)
FNDA:0,(anonymous_10)
DA:0,2
DA:1,1
DA:2,1
DA:3,1
DA:4,1
DA:5,1
DA:12,1
DA:15,1
DA:16,1
DA:18,1
DA:19,0
DA:23,0
DA:27,0
DA:30,1
DA:31,0
DA:32,0
DA:33,0
DA:35,0
DA:36,0
DA:37,0
DA:39,0
DA:43,1
DA:44,0
DA:47,1
DA:48,0
DA:50,1
LF:26
LH:14
BRDA:3,1,0,1
BRDA:3,1,1,1
BRDA:3,1,2,1
BRDA:5,2,0,1
BRDA:5,2,1,1
BRDA:5,3,0,0
BRDA:5,3,1,1
BRDA:7,4,0,2
BRDA:7,4,1,0
BRDA:7,5,0,2
BRDA:7,5,1,2
BRDA:7,6,0,0
BRDA:7,6,1,0
BRDA:7,7,0,0
BRDA:7,7,1,0
BRDA:7,8,0,0
BRDA:7,8,1,0
BRDA:7,9,0,0
BRDA:7,9,1,0
BRDA:8,10,0,2
BRDA:8,10,1,1
BRDA:8,10,2,0
BRDA:10,11,0,1
BRDA:10,11,1,1
BRDA:10,11,2,1
BRDA:11,12,0,2
BRDA:11,12,1,0
BRDA:11,13,0,2
BRDA:11,13,1,2
BRDA:31,14,0,0
BRDA:31,14,1,0
BRDA:43,15,0,0
BRDA:43,15,1,0
BRDA:45,16,0,0
BRDA:45,16,1,0
BRF:35
BRH:29
end_of_record
